TN:
SF:lib/AbiManager.ts
FN:7,<instance_members_initializer>
FN:10,ABIManager
FN:14,get
FN:18,set
FNF:4
FNH:3
FNDA:1,<instance_members_initializer>
FNDA:1,ABIManager
FNDA:14,get
FNDA:0,set
DA:7,1
DA:8,1
DA:10,1
DA:11,1
DA:12,1
DA:14,1
DA:15,14
DA:16,14
DA:18,1
DA:19,0
DA:20,0
DA:21,1
LF:12
LH:10
BRDA:7,0,0,1
BRDA:10,1,0,1
BRDA:14,2,0,14
BRF:3
BRH:3
end_of_record
TN:
SF:lib/BlockMonitor.ts
FN:15,<instance_members_initializer>
FN:19,BlockMonitor
FN:23,start
FN:28,onError
FN:35,onNewBlock
FN:41,scheduleTimeout
FN:48,resetBlockSubscription
FNF:7
FNH:5
FNDA:1,<instance_members_initializer>
FNDA:1,BlockMonitor
FNDA:1,start
FNDA:0,onError
FNDA:20,onNewBlock
FNDA:21,scheduleTimeout
FNDA:0,resetBlockSubscription
DA:1,1
DA:15,1
DA:16,1
DA:17,1
DA:18,1
DA:19,1
DA:20,1
DA:21,1
DA:23,1
DA:24,1
DA:25,1
DA:26,1
DA:27,1
DA:28,1
DA:29,0
DA:30,0
DA:31,0
DA:32,1
DA:33,1
DA:35,1
DA:36,20
DA:37,20
DA:38,20
DA:39,20
DA:41,1
DA:42,21
DA:43,0
DA:44,0
DA:45,21
DA:46,21
DA:48,1
DA:49,0
DA:50,0
DA:51,0
DA:52,0
DA:53,0
DA:54,1
LF:37
LH:27
BRDA:15,0,0,1
BRDA:19,1,0,1
BRDA:23,2,0,1
BRDA:27,3,0,0
BRDA:35,4,0,20
BRDA:41,5,0,21
BRF:6
BRH:5
end_of_record
TN:
SF:lib/EventBus.ts
FNF:0
FNH:0
DA:1,1
DA:3,1
DA:4,1
DA:5,1
DA:6,1
DA:7,1
DA:12,1
LF:7
LH:7
BRDA:3,0,0,1
BRF:1
BRH:1
end_of_record
TN:
SF:lib/GasEstimator.ts
FN:52,estimateGas
FN:64,simulateTransactionForGas
FNF:2
FNH:1
FNDA:0,estimateGas
FNDA:6,simulateTransactionForGas
DA:1,1
DA:6,1
DA:7,1
DA:8,1
DA:51,1
DA:52,1
DA:53,0
DA:54,0
DA:55,0
DA:56,0
DA:57,0
DA:64,1
DA:65,6
DA:66,6
DA:67,6
DA:68,6
DA:70,6
DA:71,0
DA:72,0
DA:73,0
DA:74,0
DA:75,0
DA:77,6
DA:78,6
DA:79,6
DA:81,6
DA:82,6
DA:83,6
DA:84,6
DA:85,6
DA:86,6
DA:88,6
DA:89,0
DA:90,0
DA:91,0
DA:92,0
DA:93,0
DA:95,6
DA:96,6
DA:97,1
LF:40
LH:25
BRDA:6,0,0,1
BRDA:64,1,0,6
BRDA:70,2,0,0
BRDA:88,3,0,0
BRF:4
BRH:2
end_of_record
TN:
SF:lib/GasPriceOracle.ts
FN:24,<instance_members_initializer>
FN:28,GasPriceOracle
FN:33,start
FN:40,onNewBlock
FN:52,calculateExpectedNextBaseFeePerGas
FN:68,suggestGasForNextBlock
FNF:6
FNH:6
FNDA:1,<instance_members_initializer>
FNDA:1,GasPriceOracle
FNDA:1,start
FNDA:21,onNewBlock
FNDA:21,calculateExpectedNextBaseFeePerGas
FNDA:29,suggestGasForNextBlock
DA:1,1
DA:24,1
DA:25,1
DA:26,1
DA:28,1
DA:29,1
DA:30,1
DA:31,1
DA:33,1
DA:34,1
DA:35,1
DA:36,1
DA:37,1
DA:38,1
DA:40,1
DA:41,21
DA:42,21
DA:43,21
DA:45,21
DA:46,21
DA:47,21
DA:48,21
DA:49,21
DA:50,21
DA:52,1
DA:53,21
DA:55,21
DA:56,0
DA:57,0
DA:59,21
DA:60,21
DA:62,21
DA:63,21
DA:64,21
DA:65,0
DA:66,21
DA:68,1
DA:69,29
DA:70,29
DA:71,29
DA:72,29
DA:73,1
LF:42
LH:39
BRDA:24,0,0,1
BRDA:28,1,0,1
BRDA:33,2,0,1
BRDA:40,3,0,21
BRDA:52,4,0,21
BRDA:55,5,0,0
BRDA:64,6,0,0
BRDA:68,7,0,29
BRF:8
BRH:6
end_of_record
TN:
SF:lib/HookManager.ts
FN:65,<instance_members_initializer>
FN:70,HookManager
FN:84,addHook
FN:91,onTransactionStatusChanged
FN:102,onTransactionSaveFailed
FN:115,onNewBlock
FN:126,onTransactionSubmissionFailed
FNF:7
FNH:5
FNDA:1,<instance_members_initializer>
FNDA:1,HookManager
FNDA:1,addHook
FNDA:11,onTransactionStatusChanged
FNDA:0,onTransactionSaveFailed
FNDA:20,onNewBlock
FNDA:0,onTransactionSubmissionFailed
DA:1,1
DA:6,1
DA:7,1
DA:8,1
DA:9,1
DA:10,1
DA:11,1
DA:65,1
DA:66,1
DA:70,1
DA:71,1
DA:72,1
DA:73,1
DA:74,1
DA:75,1
DA:76,1
DA:77,1
DA:78,1
DA:79,1
DA:80,1
DA:81,1
DA:82,1
DA:84,1
DA:85,1
DA:86,0
DA:87,0
DA:88,1
DA:89,1
DA:91,1
DA:92,11
DA:94,11
DA:95,0
DA:96,0
DA:97,0
DA:98,0
DA:99,11
DA:100,11
DA:102,1
DA:104,0
DA:105,0
DA:107,0
DA:108,0
DA:109,0
DA:110,0
DA:111,0
DA:112,0
DA:113,0
DA:115,1
DA:116,20
DA:118,20
DA:119,0
DA:120,0
DA:121,0
DA:122,0
DA:123,20
DA:124,20
DA:126,1
DA:130,0
DA:131,0
DA:132,0
DA:133,0
DA:135,0
DA:136,0
DA:137,0
DA:138,0
DA:139,0
DA:140,0
DA:141,0
DA:142,0
DA:143,0
DA:144,1
LF:71
LH:39
BRDA:6,0,0,1
BRDA:65,1,0,1
BRDA:70,2,0,1
BRDA:84,3,0,1
BRDA:85,4,0,0
BRDA:91,5,0,11
BRDA:115,6,0,20
BRDA:116,7,0,20
BRF:8
BRH:7
end_of_record
TN:
SF:lib/NonceManager.ts
FN:28,<instance_members_initializer>
FN:35,NonceManager
FN:41,start
FN:63,requestNonce
FN:74,returnNonce
FN:84,resync
FNF:6
FNH:4
FNDA:1,<instance_members_initializer>
FNDA:1,NonceManager
FNDA:1,start
FNDA:5,requestNonce
FNDA:0,returnNonce
FNDA:0,resync
DA:28,1
DA:29,1
DA:30,1
DA:31,1
DA:33,1
DA:35,1
DA:36,1
DA:37,1
DA:38,1
DA:39,1
DA:41,1
DA:42,1
DA:44,1
DA:45,1
DA:46,1
DA:48,1
DA:50,1
DA:52,1
DA:53,1
DA:54,1
DA:55,1
DA:56,0
DA:57,0
DA:58,0
DA:59,0
DA:60,0
DA:61,1
DA:63,1
DA:64,5
DA:65,0
DA:66,0
DA:68,5
DA:69,5
DA:70,5
DA:71,5
DA:74,1
DA:75,0
DA:77,0
DA:78,0
DA:79,0
DA:80,0
DA:81,0
DA:82,0
DA:84,1
DA:85,0
DA:87,0
DA:88,0
DA:89,0
DA:91,0
DA:92,0
DA:93,1
LF:51
LH:31
BRDA:28,0,0,1
BRDA:35,1,0,1
BRDA:41,2,0,1
BRDA:52,3,0,0
BRDA:55,4,0,0
BRDA:63,5,0,5
BRDA:64,6,0,0
BRF:7
BRH:4
end_of_record
TN:
SF:lib/RetryPolicyManager.ts
FN:26,shouldRetry
FN:42,getRevertReason
FN:59,isOutOfGas
FNF:3
FNH:0
FNDA:0,shouldRetry
FNDA:0,getRevertReason
FNDA:0,isOutOfGas
DA:25,1
DA:26,1
DA:27,0
DA:28,0
DA:29,0
DA:30,0
DA:31,0
DA:32,0
DA:33,0
DA:42,1
DA:43,0
DA:44,0
DA:45,0
DA:46,0
DA:47,0
DA:48,0
DA:49,0
DA:50,0
DA:52,0
DA:53,0
DA:54,0
DA:56,0
DA:57,0
DA:59,1
DA:60,0
DA:61,0
DA:62,0
DA:63,0
DA:64,0
DA:66,0
DA:67,0
DA:68,0
DA:70,0
DA:71,0
DA:72,1
LF:35
LH:5
BRF:0
BRH:0
end_of_record
TN:
SF:lib/Transaction.ts
FN:85,<instance_members_initializer>
FN:129,Transaction
FN:176,addAttempt
FN:181,addCollectionBlock
FN:186,removeAttempt
FN:194,getInAirAttempts
FN:200,isExpired
FN:204,changeStatus
FN:212,get attemptCount
FN:216,get lastAttempt
FN:220,markFlushed
FN:228,markUpdated
FN:236,toDbRow
FN:255,fromDbRow
FNF:14
FNH:12
FNDA:10,<instance_members_initializer>
FNDA:10,Transaction
FNDA:14,addAttempt
FNDA:5,addCollectionBlock
FNDA:0,removeAttempt
FNDA:14,getInAirAttempts
FNDA:9,isExpired
FNDA:11,changeStatus
FNDA:0,get attemptCount
FNDA:25,get lastAttempt
FNDA:33,markFlushed
FNDA:30,markUpdated
FNDA:24,toDbRow
FNDA:5,fromDbRow
DA:1,1
DA:8,1
DA:12,1
DA:16,1
DA:20,1
DA:24,1
DA:28,1
DA:33,1
DA:37,1
DA:40,1
DA:41,1
DA:42,1
DA:54,1
DA:85,1
DA:86,10
DA:88,10
DA:90,10
DA:92,10
DA:94,10
DA:96,10
DA:99,10
DA:101,10
DA:103,10
DA:105,10
DA:109,10
DA:113,10
DA:117,10
DA:119,10
DA:121,10
DA:127,10
DA:129,10
DA:130,10
DA:131,10
DA:132,10
DA:133,10
DA:134,10
DA:135,10
DA:136,10
DA:137,10
DA:138,10
DA:139,10
DA:140,10
DA:141,10
DA:142,10
DA:143,10
DA:144,10
DA:145,10
DA:146,10
DA:157,10
DA:158,10
DA:159,10
DA:160,10
DA:161,10
DA:162,10
DA:163,10
DA:164,10
DA:165,10
DA:166,10
DA:167,10
DA:168,10
DA:169,10
DA:170,10
DA:171,10
DA:172,10
DA:173,10
DA:174,10
DA:176,10
DA:177,14
DA:178,14
DA:179,14
DA:181,10
DA:182,5
DA:183,5
DA:184,5
DA:186,10
DA:187,0
DA:188,0
DA:189,0
DA:190,0
DA:191,0
DA:192,0
DA:194,10
DA:195,14
DA:197,14
DA:198,14
DA:200,10
DA:201,9
DA:202,9
DA:204,10
DA:205,11
DA:206,11
DA:207,11
DA:208,11
DA:209,11
DA:210,11
DA:212,10
DA:213,0
DA:214,0
DA:216,10
DA:217,25
DA:218,25
DA:220,10
DA:221,33
DA:223,33
DA:224,5
DA:225,5
DA:226,33
DA:228,10
DA:229,30
DA:231,30
DA:232,19
DA:233,19
DA:234,30
DA:236,10
DA:237,24
DA:238,24
DA:239,24
DA:240,24
DA:241,24
DA:242,24
DA:243,24
DA:244,24
DA:245,24
DA:246,24
DA:247,24
DA:248,24
DA:249,24
DA:250,24
DA:251,24
DA:252,24
DA:253,24
DA:255,10
DA:256,5
DA:257,5
DA:258,5
DA:259,5
DA:260,5
DA:261,5
DA:262,5
DA:263,5
DA:264,5
DA:265,5
DA:266,5
DA:267,5
DA:268,10
LF:145
LH:137
BRDA:8,0,0,1
BRDA:40,1,0,1
BRDA:85,2,0,10
BRDA:129,3,0,10
BRDA:158,4,0,5
BRDA:166,5,0,5
BRDA:167,6,0,5
BRDA:169,7,0,5
BRDA:170,8,0,5
BRDA:171,9,0,5
BRDA:172,10,0,5
BRDA:173,11,0,5
BRDA:176,12,0,14
BRDA:181,13,0,5
BRDA:194,14,0,14
BRDA:195,15,0,51
BRDA:197,16,0,51
BRDA:200,17,0,9
BRDA:201,18,0,8
BRDA:201,19,0,1
BRDA:204,20,0,11
BRDA:216,21,0,25
BRDA:220,22,0,33
BRDA:223,23,0,5
BRDA:228,24,0,30
BRDA:231,25,0,19
BRDA:236,26,0,24
BRDA:246,27,0,0
BRDA:249,28,0,0
BRDA:255,29,0,5
BRDA:260,30,0,0
BRDA:261,31,0,0
BRF:32
BRH:28
end_of_record
TN:
SF:lib/TransactionCollector.ts
FN:14,<instance_members_initializer>
FN:17,TransactionCollector
FN:22,onNewBlock
FNF:3
FNH:3
FNDA:1,<instance_members_initializer>
FNDA:1,TransactionCollector
FNDA:20,onNewBlock
DA:1,1
DA:14,1
DA:15,1
DA:17,1
DA:18,1
DA:19,1
DA:20,1
DA:22,1
DA:23,20
DA:25,20
DA:26,20
DA:27,20
DA:28,20
DA:29,20
DA:30,5
DA:31,5
DA:32,20
DA:34,20
DA:36,20
DA:37,0
DA:38,0
DA:39,0
DA:40,0
DA:41,0
DA:42,0
DA:44,20
DA:45,20
DA:46,5
DA:48,5
DA:49,0
DA:50,0
DA:52,5
DA:53,5
DA:54,5
DA:55,5
DA:56,5
DA:57,5
DA:59,5
DA:60,0
DA:61,0
DA:62,0
DA:63,0
DA:64,0
DA:65,0
DA:66,0
DA:67,20
DA:68,20
DA:69,20
DA:70,1
LF:49
LH:34
BRDA:14,0,0,1
BRDA:17,1,0,1
BRDA:22,2,0,20
BRDA:36,3,0,0
BRDA:25,4,0,20
BRDA:29,5,0,5
BRDA:45,6,0,5
BRDA:48,7,0,0
BRDA:59,8,0,2
BRDA:59,9,0,0
BRF:10
BRH:7
end_of_record
TN:
SF:lib/TransactionManager.ts
FN:151,<instance_members_initializer>
FN:178,TransactionManager
FN:278,addTransactionOriginator
FN:287,addHook
FN:291,getTransaction
FN:300,createTransaction
FN:308,start
FNF:7
FNH:7
FNDA:1,<instance_members_initializer>
FNDA:1,TransactionManager
FNDA:1,addTransactionOriginator
FNDA:1,addHook
FNDA:7,getTransaction
FNDA:5,createTransaction
FNDA:1,start
DA:1,1
DA:151,1
DA:152,1
DA:153,1
DA:154,1
DA:155,1
DA:156,1
DA:157,1
DA:158,1
DA:159,1
DA:160,1
DA:161,1
DA:162,1
DA:163,1
DA:164,1
DA:165,1
DA:167,1
DA:168,1
DA:169,1
DA:170,1
DA:171,1
DA:172,1
DA:173,1
DA:174,1
DA:175,1
DA:176,1
DA:178,1
DA:179,1
DA:181,1
DA:183,1
DA:184,0
DA:185,0
DA:187,1
DA:189,1
DA:190,1
DA:191,1
DA:193,1
DA:194,1
DA:195,1
DA:196,1
DA:197,1
DA:198,1
DA:199,1
DA:200,1
DA:201,0
DA:202,0
DA:203,0
DA:204,0
DA:205,0
DA:206,0
DA:208,1
DA:215,1
DA:216,1
DA:217,1
DA:218,1
DA:219,1
DA:220,1
DA:221,1
DA:222,1
DA:223,1
DA:224,1
DA:225,1
DA:226,1
DA:227,1
DA:228,1
DA:229,1
DA:231,1
DA:232,1
DA:233,1
DA:234,1
DA:235,1
DA:236,1
DA:237,1
DA:239,1
DA:240,1
DA:241,1
DA:242,1
DA:243,1
DA:244,1
DA:246,1
DA:247,1
DA:248,1
DA:249,1
DA:250,1
DA:251,1
DA:252,1
DA:253,1
DA:254,1
DA:255,1
DA:257,1
DA:258,1
DA:259,1
DA:261,1
DA:262,1
DA:264,1
DA:265,1
DA:266,1
DA:268,1
DA:269,1
DA:270,1
DA:278,1
DA:279,1
DA:280,1
DA:287,1
DA:288,1
DA:289,1
DA:291,1
DA:292,7
DA:293,7
DA:300,1
DA:301,5
DA:302,5
DA:303,5
DA:304,5
DA:305,5
DA:306,5
DA:308,1
DA:310,1
DA:313,1
DA:316,1
DA:319,1
DA:321,1
DA:323,1
DA:324,0
DA:325,0
DA:327,1
DA:328,0
DA:329,0
DA:330,0
DA:334,1
DA:336,1
DA:337,1
DA:338,1
LF:133
LH:120
BRDA:151,0,0,1
BRDA:178,1,0,1
BRDA:183,2,0,0
BRDA:200,3,0,0
BRDA:220,4,0,0
BRDA:221,5,0,0
BRDA:248,6,0,0
BRDA:255,7,0,0
BRDA:268,8,0,0
BRDA:278,9,0,1
BRDA:287,10,0,1
BRDA:291,11,0,7
BRDA:300,12,0,5
BRDA:308,13,0,1
BRDA:323,14,0,0
BRDA:327,15,0,0
BRF:16
BRH:7
end_of_record
TN:
SF:lib/TransactionRepository.ts
FN:16,<instance_members_initializer>
FN:20,TransactionRepository
FN:25,start
FN:40,getNotFinalizedTransactionsOlderThan
FN:44,getTransaction
FN:61,saveTransactions
FN:95,getHighestNonce
FN:101,getNotReservedNoncesInRange
FN:107,purgeFinalizedTransactions
FNF:9
FNH:8
FNDA:1,<instance_members_initializer>
FNDA:1,TransactionRepository
FNDA:1,start
FNDA:20,getNotFinalizedTransactionsOlderThan
FNDA:7,getTransaction
FNDA:54,saveTransactions
FNDA:1,getHighestNonce
FNDA:0,getNotReservedNoncesInRange
FNDA:20,purgeFinalizedTransactions
DA:1,1
DA:16,1
DA:17,1
DA:18,1
DA:20,1
DA:21,1
DA:22,1
DA:23,1
DA:25,1
DA:26,1
DA:27,1
DA:28,1
DA:29,1
DA:30,1
DA:31,1
DA:33,1
DA:35,1
DA:36,1
DA:37,1
DA:38,1
DA:40,1
DA:41,20
DA:42,20
DA:44,1
DA:45,7
DA:47,7
DA:48,2
DA:49,2
DA:51,5
DA:52,5
DA:53,5
DA:54,5
DA:55,5
DA:56,5
DA:58,7
DA:59,7
DA:61,1
DA:62,54
DA:64,54
DA:66,54
DA:67,54
DA:68,54
DA:69,24
DA:70,5
DA:71,24
DA:72,19
DA:73,19
DA:74,19
DA:75,19
DA:76,19
DA:77,19
DA:78,54
DA:79,54
DA:80,54
DA:81,54
DA:82,54
DA:84,54
DA:85,54
DA:86,42
DA:87,54
DA:88,54
DA:89,54
DA:90,54
DA:92,54
DA:93,54
DA:95,1
DA:96,1
DA:97,0
DA:98,1
DA:99,1
DA:101,1
DA:102,0
DA:103,0
DA:104,0
DA:105,0
DA:107,1
DA:108,20
DA:109,20
DA:110,20
DA:111,20
DA:112,20
DA:113,20
DA:114,20
DA:115,1
LF:84
LH:79
BRDA:16,0,0,1
BRDA:20,1,0,1
BRDA:25,2,0,1
BRDA:40,3,0,20
BRDA:41,4,0,14
BRDA:44,5,0,7
BRDA:47,6,0,2
BRDA:49,7,0,5
BRDA:58,8,0,0
BRDA:45,9,0,2
BRDA:61,10,0,54
BRDA:62,11,0,33
BRDA:64,12,0,33
BRDA:67,13,0,54
BRDA:68,14,0,24
BRDA:69,15,0,5
BRDA:71,16,0,19
BRDA:85,17,0,42
BRDA:89,18,0,33
BRDA:95,19,0,1
BRDA:96,20,0,0
BRDA:107,21,0,20
BRF:22
BRH:20
end_of_record
TN:
SF:lib/TransactionSubmitter.ts
FN:47,<instance_members_initializer>
FN:50,TransactionSubmitter
FN:54,attemptSubmission
FNF:3
FNH:3
FNDA:1,<instance_members_initializer>
FNDA:1,TransactionSubmitter
FNDA:14,attemptSubmission
DA:1,1
DA:17,1
DA:18,1
DA:19,1
DA:20,1
DA:21,1
DA:22,1
DA:47,1
DA:48,1
DA:50,1
DA:51,1
DA:52,1
DA:54,1
DA:55,14
DA:56,14
DA:57,14
DA:58,14
DA:60,14
DA:61,14
DA:62,6
DA:63,6
DA:64,6
DA:65,6
DA:66,6
DA:67,6
DA:68,6
DA:69,6
DA:70,6
DA:71,6
DA:72,6
DA:73,14
DA:74,8
DA:76,8
DA:77,0
DA:78,0
DA:79,0
DA:80,0
DA:81,0
DA:82,0
DA:83,0
DA:85,8
DA:86,8
DA:87,8
DA:89,8
DA:91,8
DA:92,0
DA:93,0
DA:94,0
DA:95,0
DA:96,0
DA:97,0
DA:99,8
DA:101,8
DA:102,8
DA:103,8
DA:104,8
DA:105,8
DA:106,8
DA:107,8
DA:108,8
DA:109,8
DA:110,8
DA:111,8
DA:112,8
DA:114,14
DA:116,14
DA:117,0
DA:118,0
DA:119,0
DA:120,0
DA:121,0
DA:122,0
DA:124,14
DA:126,14
DA:128,14
DA:129,14
DA:130,14
DA:131,14
DA:132,14
DA:133,14
DA:134,14
DA:135,14
DA:137,14
DA:139,14
DA:140,0
DA:141,0
DA:142,0
DA:143,0
DA:144,0
DA:145,0
DA:146,0
DA:148,14
DA:149,14
DA:150,14
DA:152,14
DA:153,9
DA:154,9
DA:155,0
DA:156,9
DA:157,0
DA:158,0
DA:159,9
DA:160,9
DA:161,9
DA:162,9
DA:163,9
DA:164,9
DA:166,5
DA:167,14
DA:168,1
LF:110
LH:81
BRDA:17,0,0,1
BRDA:47,1,0,1
BRDA:50,2,0,1
BRDA:54,3,0,14
BRDA:61,4,0,6
BRDA:73,5,0,8
BRDA:76,6,0,0
BRDA:91,7,0,0
BRDA:116,8,0,0
BRDA:139,9,0,0
BRDA:152,10,0,9
BRDA:154,11,0,0
BRDA:156,12,0,0
BRDA:164,13,0,5
BRF:14
BRH:8
end_of_record
TN:
SF:lib/TxMonitor.ts
FN:31,<instance_members_initializer>
FN:36,TxMonitor
FN:41,onNewBlock
FN:65,handleNewBlock
FN:177,calcReplacementFee
FN:196,handleExpiredTransaction
FN:222,handleStuckTransaction
FN:246,handleNotAttemptedTransaction
FN:268,handleRetryTransaction
FNF:9
FNH:7
FNDA:1,<instance_members_initializer>
FNDA:1,TxMonitor
FNDA:20,onNewBlock
FNDA:20,handleNewBlock
FNDA:9,calcReplacementFee
FNDA:6,handleExpiredTransaction
FNDA:3,handleStuckTransaction
FNDA:0,handleNotAttemptedTransaction
FNDA:0,handleRetryTransaction
DA:1,1
DA:31,1
DA:32,1
DA:33,1
DA:34,1
DA:36,1
DA:37,1
DA:38,1
DA:39,1
DA:41,1
DA:42,20
DA:43,0
DA:44,0
DA:45,0
DA:46,0
DA:47,0
DA:49,0
DA:50,0
DA:51,0
DA:53,20
DA:54,20
DA:55,20
DA:56,20
DA:57,0
DA:58,0
DA:59,20
DA:61,20
DA:62,20
DA:63,20
DA:65,1
DA:66,20
DA:67,20
DA:68,20
DA:70,20
DA:71,14
DA:74,14
DA:75,0
DA:76,0
DA:78,14
DA:79,14
DA:87,14
DA:88,14
DA:89,14
DA:90,51
DA:91,51
DA:92,51
DA:94,51
DA:95,5
DA:96,5
DA:97,5
DA:98,5
DA:99,5
DA:100,5
DA:101,5
DA:102,46
DA:103,46
DA:104,46
DA:105,0
DA:106,51
DA:107,14
DA:108,14
DA:110,14
DA:115,9
DA:116,0
DA:117,0
DA:118,0
DA:119,0
DA:120,0
DA:121,0
DA:123,9
DA:125,9
DA:126,0
DA:127,0
DA:128,0
DA:130,9
DA:131,0
DA:132,0
DA:133,0
DA:135,9
DA:136,6
DA:137,3
DA:138,9
DA:140,5
DA:142,14
DA:143,3
DA:144,1
DA:145,1
DA:146,1
DA:147,2
DA:148,2
DA:150,2
DA:151,2
DA:152,2
DA:153,2
DA:154,2
DA:155,2
DA:157,2
DA:158,2
DA:159,2
DA:160,2
DA:162,0
DA:163,20
DA:165,20
DA:167,20
DA:168,20
DA:169,20
DA:170,20
DA:172,20
DA:173,0
DA:174,0
DA:175,20
DA:177,1
DA:178,9
DA:179,9
DA:183,9
DA:184,9
DA:185,9
DA:187,9
DA:188,9
DA:190,9
DA:191,9
DA:192,9
DA:193,9
DA:194,9
DA:196,1
DA:197,6
DA:199,6
DA:200,0
DA:201,0
DA:202,0
DA:203,0
DA:204,0
DA:205,0
DA:207,6
DA:208,6
DA:209,6
DA:210,6
DA:212,6
DA:214,6
DA:215,6
DA:216,6
DA:217,6
DA:218,6
DA:219,6
DA:220,6
DA:222,1
DA:223,3
DA:225,3
DA:226,0
DA:227,0
DA:228,0
DA:229,0
DA:230,0
DA:231,0
DA:233,3
DA:234,3
DA:235,3
DA:236,3
DA:238,3
DA:239,3
DA:240,3
DA:241,3
DA:242,3
DA:243,3
DA:244,3
DA:246,1
DA:247,0
DA:248,0
DA:249,0
DA:251,0
DA:253,0
DA:254,0
DA:256,0
DA:257,0
DA:258,0
DA:259,0
DA:260,0
DA:261,0
DA:263,0
DA:264,0
DA:265,0
DA:266,0
DA:268,1
DA:269,0
DA:270,0
DA:271,0
DA:273,0
DA:274,0
DA:275,0
DA:276,0
DA:277,0
DA:278,0
DA:280,0
DA:281,0
DA:282,0
DA:283,0
DA:284,1
LF:197
LH:128
BRDA:31,0,0,1
BRDA:36,1,0,1
BRDA:41,2,0,20
BRDA:42,3,0,0
BRDA:56,4,0,0
BRDA:61,5,0,0
BRDA:65,6,0,20
BRDA:172,7,0,0
BRDA:70,8,0,14
BRDA:74,9,0,0
BRDA:110,10,0,9
BRDA:115,11,0,0
BRDA:125,12,0,0
BRDA:130,13,0,0
BRDA:135,14,0,6
BRDA:136,15,0,3
BRDA:138,16,0,5
BRDA:142,17,0,3
BRDA:143,18,0,1
BRDA:146,19,0,2
BRDA:148,20,0,2
BRDA:160,21,0,0
BRDA:89,22,0,51
BRDA:94,23,0,5
BRDA:101,24,0,46
BRDA:104,25,0,0
BRDA:115,26,0,37
BRDA:177,27,0,9
BRDA:196,28,0,6
BRDA:199,29,0,0
BRDA:222,30,0,3
BRDA:225,31,0,0
BRF:32
BRH:20
end_of_record
TN:
SF:lib/eip1559.ts
FNF:0
FNH:0
DA:7,1
DA:8,1
DA:9,1
DA:10,1
DA:11,1
DA:13,1
DA:14,1
DA:15,1
DA:16,1
DA:17,1
LF:10
LH:10
BRF:0
BRH:0
end_of_record
TN:
SF:lib/index.ts
FN:1,(empty-report)
FNF:1
FNH:0
FNDA:0,(empty-report)
DA:1,0
LF:1
LH:0
BRDA:1,0,0,0
BRF:1
BRH:0
end_of_record
TN:
SF:lib/migrate.ts
FN:6,ObjectMigrationProvider
FN:8,getMigrations
FN:13,migrateToLatest
FNF:3
FNH:3
FNDA:2,ObjectMigrationProvider
FNDA:2,getMigrations
FNDA:2,migrateToLatest
DA:1,1
DA:5,1
DA:6,1
DA:8,1
DA:9,2
DA:10,2
DA:11,1
DA:13,2
DA:14,2
DA:15,2
DA:16,2
DA:17,2
DA:19,2
DA:21,2
DA:22,4
DA:23,4
DA:24,4
DA:25,0
DA:26,0
DA:27,2
DA:29,2
DA:30,0
DA:31,0
DA:32,0
DA:33,0
DA:34,2
DA:36,1
LF:27
LH:21
BRDA:6,0,0,2
BRDA:8,1,0,2
BRDA:13,2,0,2
BRDA:29,3,0,0
BRDA:21,4,0,4
BRDA:24,5,0,0
BRF:6
BRH:4
end_of_record
TN:
SF:lib/db/driver.ts
FNF:0
FNH:0
DA:1,1
DA:5,1
DA:6,1
DA:7,1
DA:9,1
DA:10,1
DA:11,1
LF:7
LH:7
BRDA:6,0,0,0
BRF:1
BRH:0
end_of_record
TN:
SF:lib/db/types.ts
FN:1,(empty-report)
FNF:1
FNH:1
FNDA:1,(empty-report)
LF:0
LH:0
BRDA:1,0,0,1
BRF:1
BRH:1
end_of_record
TN:
SF:lib/db/migrations/Migration20241111163800.ts
FN:4,up
FNF:1
FNH:1
FNDA:1,up
DA:4,1
DA:5,1
DA:6,1
DA:7,1
DA:8,1
DA:9,1
DA:10,1
DA:11,1
DA:12,1
DA:13,1
DA:14,1
DA:15,1
DA:16,1
DA:17,1
DA:18,1
DA:20,1
LF:16
LH:16
BRDA:4,0,0,1
BRDA:7,1,0,1
BRDA:8,2,0,1
BRDA:9,3,0,1
BRDA:10,4,0,1
BRDA:11,5,0,1
BRDA:12,6,0,1
BRDA:14,7,0,1
BRDA:15,8,0,1
BRF:9
BRH:9
end_of_record
TN:
SF:lib/db/migrations/Migration20241111223000.ts
FN:9,up
FNF:1
FNH:1
FNDA:1,up
DA:9,1
DA:10,1
DA:12,1
DA:13,1
DA:15,1
LF:5
LH:5
BRDA:9,0,0,1
BRF:1
BRH:1
end_of_record
TN:
SF:lib/db/migrations/Migration20241205104400.ts
FN:4,up
FNF:1
FNH:1
FNDA:1,up
DA:4,1
DA:5,1
DA:6,1
DA:7,1
DA:8,1
DA:9,1
DA:11,1
LF:7
LH:7
BRDA:4,0,0,1
BRDA:7,1,0,1
BRF:2
BRH:2
end_of_record
TN:
SF:lib/db/migrations/Migration20250121110600.ts
FN:4,up
FNF:1
FNH:1
FNDA:1,up
DA:4,1
DA:5,1
DA:6,1
DA:8,1
LF:4
LH:4
BRDA:4,0,0,1
BRF:1
BRH:1
end_of_record
TN:
SF:lib/db/migrations/index.ts
FNF:0
FNH:0
DA:1,1
DA:6,1
DA:7,1
DA:8,1
DA:9,1
DA:10,1
DA:11,1
LF:7
LH:7
BRF:0
BRH:0
end_of_record
TN:
SF:lib/utils/logger.ts
FN:1,(empty-report)
FNF:1
FNH:0
FNDA:0,(empty-report)
DA:1,0
DA:2,0
LF:2
LH:0
BRDA:1,0,0,0
BRF:1
BRH:0
end_of_record
